Traceback (most recent call last):
  File "/glade/work/gmarques/miniconda/envs/dev2/lib/python3.9/site-packages/jupyter_cache/executors/utils.py", line 51, in single_nb_execution
    executenb(
  File "/glade/work/gmarques/miniconda/envs/dev2/lib/python3.9/site-packages/nbclient/client.py", line 1093, in execute
    return NotebookClient(nb=nb, resources=resources, km=km, **kwargs).execute()
  File "/glade/work/gmarques/miniconda/envs/dev2/lib/python3.9/site-packages/nbclient/util.py", line 84, in wrapped
    return just_run(coro(*args, **kwargs))
  File "/glade/work/gmarques/miniconda/envs/dev2/lib/python3.9/site-packages/nbclient/util.py", line 62, in just_run
    return loop.run_until_complete(coro)
  File "/glade/work/gmarques/miniconda/envs/dev2/lib/python3.9/asyncio/base_events.py", line 642, in run_until_complete
    return future.result()
  File "/glade/work/gmarques/miniconda/envs/dev2/lib/python3.9/site-packages/nbclient/client.py", line 559, in async_execute
    await self.async_execute_cell(
  File "/glade/work/gmarques/miniconda/envs/dev2/lib/python3.9/site-packages/nbclient/client.py", line 854, in async_execute_cell
    self._check_raise_for_error(cell, exec_reply)
  File "/glade/work/gmarques/miniconda/envs/dev2/lib/python3.9/site-packages/nbclient/client.py", line 756, in _check_raise_for_error
    raise CellExecutionError.from_cell_and_msg(cell, exec_reply_content)
nbclient.exceptions.CellExecutionError: An error occurred while executing the following cell:
------------------
matplotlib.rcParams.update({'font.size': 16})
fig, ax = plt.subplots(figsize=(16, 7))
da.tos[0,:].plot(ax=ax, vmin=-1, vmax=30)

# prime
val = -173.
geolat = grd_xr[0].geolat.sel(xh=val, method='nearest')
yh = extrapCoord(geolat.values)
xh = np.ones(len(yh)) * val
ax.plot(xh,yh,'k--')

# meridional Atlantic
val = -30.
geolat = grd_xr[0].geolat.sel(xh=val, method='nearest')
yh = extrapCoord(geolat.values)
xh = np.ones(len(yh)) * val
ax.plot(xh,yh,'k--')

# zonal Southern Ocean
val = -60.
xh = extrapCoord(grd_xr[0].geolon.sel(yh=val, method='nearest').values)
yh = np.ones(len(xh)) * val
ax.plot(xh,yh,'k--')

# Equator
val = -0.
xh = extrapCoord(grd_xr[0].geolon.sel(yh=val, method='nearest').values)
yh = np.ones(len(xh)) * val
ax.plot(xh,yh,'k--')

# N Atlantic zonal
val = 60
xh = extrapCoord(grd_xr[0].geolon.sel(yh=val, method='nearest').sel(xh=slice(-60,5)).values)
yh = np.ones(len(xh)) * val
ax.plot(xh,yh,'k--')
------------------

[0;31m---------------------------------------------------------------------------[0m
[0;31mIndexError[0m                                Traceback (most recent call last)
[0;32m/glade/derecho/scratch/gmarques/tmp/ipykernel_24204/495014354.py[0m in [0;36m<module>[0;34m[0m
[1;32m      1[0m [0mmatplotlib[0m[0;34m.[0m[0mrcParams[0m[0;34m.[0m[0mupdate[0m[0;34m([0m[0;34m{[0m[0;34m'font.size'[0m[0;34m:[0m [0;36m16[0m[0;34m}[0m[0;34m)[0m[0;34m[0m[0;34m[0m[0m
[1;32m      2[0m [0mfig[0m[0;34m,[0m [0max[0m [0;34m=[0m [0mplt[0m[0;34m.[0m[0msubplots[0m[0;34m([0m[0mfigsize[0m[0;34m=[0m[0;34m([0m[0;36m16[0m[0;34m,[0m [0;36m7[0m[0;34m)[0m[0;34m)[0m[0;34m[0m[0;34m[0m[0m
[0;32m----> 3[0;31m [0mda[0m[0;34m.[0m[0mtos[0m[0;34m[[0m[0;36m0[0m[0;34m,[0m[0;34m:[0m[0;34m][0m[0;34m.[0m[0mplot[0m[0;34m([0m[0max[0m[0;34m=[0m[0max[0m[0;34m,[0m [0mvmin[0m[0;34m=[0m[0;34m-[0m[0;36m1[0m[0;34m,[0m [0mvmax[0m[0;34m=[0m[0;36m30[0m[0;34m)[0m[0;34m[0m[0;34m[0m[0m
[0m[1;32m      4[0m [0;34m[0m[0m
[1;32m      5[0m [0;31m# prime[0m[0;34m[0m[0;34m[0m[0m

[0;32m/glade/work/gmarques/miniconda/envs/dev2/lib/python3.9/site-packages/xarray/core/dataarray.py[0m in [0;36m__getitem__[0;34m(self, key)[0m
[1;32m    808[0m         [0;32melse[0m[0;34m:[0m[0;34m[0m[0;34m[0m[0m
[1;32m    809[0m             [0;31m# xarray-style array indexing[0m[0;34m[0m[0;34m[0m[0m
[0;32m--> 810[0;31m             [0;32mreturn[0m [0mself[0m[0;34m.[0m[0misel[0m[0;34m([0m[0mindexers[0m[0;34m=[0m[0mself[0m[0;34m.[0m[0m_item_key_to_dict[0m[0;34m([0m[0mkey[0m[0;34m)[0m[0;34m)[0m[0;34m[0m[0;34m[0m[0m
[0m[1;32m    811[0m [0;34m[0m[0m
[1;32m    812[0m     [0;32mdef[0m [0m__setitem__[0m[0;34m([0m[0mself[0m[0;34m,[0m [0mkey[0m[0;34m:[0m [0mAny[0m[0;34m,[0m [0mvalue[0m[0;34m:[0m [0mAny[0m[0;34m)[0m [0;34m->[0m [0;32mNone[0m[0;34m:[0m[0;34m[0m[0;34m[0m[0m

[0;32m/glade/work/gmarques/miniconda/envs/dev2/lib/python3.9/site-packages/xarray/core/dataarray.py[0m in [0;36misel[0;34m(self, indexers, drop, missing_dims, **indexers_kwargs)[0m
[1;32m   1379[0m         [0;31m# lists, or zero or one-dimensional np.ndarray's[0m[0;34m[0m[0;34m[0m[0m
[1;32m   1380[0m [0;34m[0m[0m
[0;32m-> 1381[0;31m         [0mvariable[0m [0;34m=[0m [0mself[0m[0;34m.[0m[0m_variable[0m[0;34m.[0m[0misel[0m[0;34m([0m[0mindexers[0m[0;34m,[0m [0mmissing_dims[0m[0;34m=[0m[0mmissing_dims[0m[0;34m)[0m[0;34m[0m[0;34m[0m[0m
[0m[1;32m   1382[0m         [0mindexes[0m[0;34m,[0m [0mindex_variables[0m [0;34m=[0m [0misel_indexes[0m[0;34m([0m[0mself[0m[0;34m.[0m[0mxindexes[0m[0;34m,[0m [0mindexers[0m[0;34m)[0m[0;34m[0m[0;34m[0m[0m
[1;32m   1383[0m [0;34m[0m[0m

[0;32m/glade/work/gmarques/miniconda/envs/dev2/lib/python3.9/site-packages/xarray/core/variable.py[0m in [0;36misel[0;34m(self, indexers, missing_dims, **indexers_kwargs)[0m
[1;32m   1256[0m [0;34m[0m[0m
[1;32m   1257[0m         [0mkey[0m [0;34m=[0m [0mtuple[0m[0;34m([0m[0mindexers[0m[0;34m.[0m[0mget[0m[0;34m([0m[0mdim[0m[0;34m,[0m [0mslice[0m[0;34m([0m[0;32mNone[0m[0;34m)[0m[0;34m)[0m [0;32mfor[0m [0mdim[0m [0;32min[0m [0mself[0m[0;34m.[0m[0mdims[0m[0;34m)[0m[0;34m[0m[0;34m[0m[0m
[0;32m-> 1258[0;31m         [0;32mreturn[0m [0mself[0m[0;34m[[0m[0mkey[0m[0;34m][0m[0;34m[0m[0;34m[0m[0m
[0m[1;32m   1259[0m [0;34m[0m[0m
[1;32m   1260[0m     [0;32mdef[0m [0msqueeze[0m[0;34m([0m[0mself[0m[0;34m,[0m [0mdim[0m[0;34m=[0m[0;32mNone[0m[0;34m)[0m[0;34m:[0m[0;34m[0m[0;34m[0m[0m

[0;32m/glade/work/gmarques/miniconda/envs/dev2/lib/python3.9/site-packages/xarray/core/variable.py[0m in [0;36m__getitem__[0;34m(self, key)[0m
[1;32m    815[0m         """
[1;32m    816[0m         [0mdims[0m[0;34m,[0m [0mindexer[0m[0;34m,[0m [0mnew_order[0m [0;34m=[0m [0mself[0m[0;34m.[0m[0m_broadcast_indexes[0m[0;34m([0m[0mkey[0m[0;34m)[0m[0;34m[0m[0;34m[0m[0m
[0;32m--> 817[0;31m         [0mdata[0m [0;34m=[0m [0mas_indexable[0m[0;34m([0m[0mself[0m[0;34m.[0m[0m_data[0m[0;34m)[0m[0;34m[[0m[0mindexer[0m[0;34m][0m[0;34m[0m[0;34m[0m[0m
[0m[1;32m    818[0m         [0;32mif[0m [0mnew_order[0m[0;34m:[0m[0;34m[0m[0;34m[0m[0m
[1;32m    819[0m             [0mdata[0m [0;34m=[0m [0mnp[0m[0;34m.[0m[0mmoveaxis[0m[0;34m([0m[0mdata[0m[0;34m,[0m [0mrange[0m[0;34m([0m[0mlen[0m[0;34m([0m[0mnew_order[0m[0;34m)[0m[0;34m)[0m[0;34m,[0m [0mnew_order[0m[0;34m)[0m[0;34m[0m[0;34m[0m[0m

[0;32m/glade/work/gmarques/miniconda/envs/dev2/lib/python3.9/site-packages/xarray/core/indexing.py[0m in [0;36m__getitem__[0;34m(self, key)[0m
[1;32m   1365[0m [0;34m[0m[0m
[1;32m   1366[0m         [0;32mif[0m [0misinstance[0m[0;34m([0m[0mkey[0m[0;34m,[0m [0mBasicIndexer[0m[0;34m)[0m[0;34m:[0m[0;34m[0m[0;34m[0m[0m
[0;32m-> 1367[0;31m             [0;32mreturn[0m [0mself[0m[0;34m.[0m[0marray[0m[0;34m[[0m[0mkey[0m[0;34m.[0m[0mtuple[0m[0;34m][0m[0;34m[0m[0;34m[0m[0m
[0m[1;32m   1368[0m         [0;32melif[0m [0misinstance[0m[0;34m([0m[0mkey[0m[0;34m,[0m [0mVectorizedIndexer[0m[0;34m)[0m[0;34m:[0m[0;34m[0m[0;34m[0m[0m
[1;32m   1369[0m             [0;32mreturn[0m [0mself[0m[0;34m.[0m[0marray[0m[0;34m.[0m[0mvindex[0m[0;34m[[0m[0mkey[0m[0;34m.[0m[0mtuple[0m[0;34m][0m[0;34m[0m[0;34m[0m[0m

[0;32m/glade/work/gmarques/miniconda/envs/dev2/lib/python3.9/site-packages/dask/array/core.py[0m in [0;36m__getitem__[0;34m(self, index)[0m
[1;32m   1977[0m         )
[1;32m   1978[0m [0;34m[0m[0m
[0;32m-> 1979[0;31m         [0mindex2[0m [0;34m=[0m [0mnormalize_index[0m[0;34m([0m[0mindex[0m[0;34m,[0m [0mself[0m[0;34m.[0m[0mshape[0m[0;34m)[0m[0;34m[0m[0;34m[0m[0m
[0m[1;32m   1980[0m         [0mdependencies[0m [0;34m=[0m [0;34m{[0m[0mself[0m[0;34m.[0m[0mname[0m[0;34m}[0m[0;34m[0m[0;34m[0m[0m
[1;32m   1981[0m         [0;32mfor[0m [0mi[0m [0;32min[0m [0mindex2[0m[0;34m:[0m[0;34m[0m[0;34m[0m[0m

[0;32m/glade/work/gmarques/miniconda/envs/dev2/lib/python3.9/site-packages/dask/array/slicing.py[0m in [0;36mnormalize_index[0;34m(idx, shape)[0m
[1;32m    920[0m     [0;32mfor[0m [0maxis[0m[0;34m,[0m [0;34m([0m[0mi[0m[0;34m,[0m [0md[0m[0;34m)[0m [0;32min[0m [0menumerate[0m[0;34m([0m[0mzip[0m[0;34m([0m[0midx[0m[0;34m,[0m [0mnone_shape[0m[0;34m)[0m[0;34m)[0m[0;34m:[0m[0;34m[0m[0;34m[0m[0m
[1;32m    921[0m         [0;32mif[0m [0md[0m [0;32mis[0m [0;32mnot[0m [0;32mNone[0m[0;34m:[0m[0;34m[0m[0;34m[0m[0m
[0;32m--> 922[0;31m             [0mcheck_index[0m[0;34m([0m[0maxis[0m[0;34m,[0m [0mi[0m[0;34m,[0m [0md[0m[0;34m)[0m[0;34m[0m[0;34m[0m[0m
[0m[1;32m    923[0m     [0midx[0m [0;34m=[0m [0mtuple[0m[0;34m([0m[0mmap[0m[0;34m([0m[0msanitize_index[0m[0;34m,[0m [0midx[0m[0;34m)[0m[0;34m)[0m[0;34m[0m[0;34m[0m[0m
[1;32m    924[0m     [0midx[0m [0;34m=[0m [0mtuple[0m[0;34m([0m[0mmap[0m[0;34m([0m[0mnormalize_slice[0m[0;34m,[0m [0midx[0m[0;34m,[0m [0mnone_shape[0m[0;34m)[0m[0;34m)[0m[0;34m[0m[0;34m[0m[0m

[0;32m/glade/work/gmarques/miniconda/envs/dev2/lib/python3.9/site-packages/dask/array/slicing.py[0m in [0;36mcheck_index[0;34m(axis, ind, dimension)[0m
[1;32m    992[0m [0;34m[0m[0m
[1;32m    993[0m     [0;32melif[0m [0mind[0m [0;34m>=[0m [0mdimension[0m [0;32mor[0m [0mind[0m [0;34m<[0m [0;34m-[0m[0mdimension[0m[0;34m:[0m[0;34m[0m[0;34m[0m[0m
[0;32m--> 994[0;31m         raise IndexError(
[0m[1;32m    995[0m             [0;34mf"Index {ind} is out of bounds for axis {axis} with size {dimension}"[0m[0;34m[0m[0;34m[0m[0m
[1;32m    996[0m         )

[0;31mIndexError[0m: Index 0 is out of bounds for axis 0 with size 0
IndexError: Index 0 is out of bounds for axis 0 with size 0

